# JRE version: OpenJDK Runtime Environment (17.0.7) (build 17.0.7+0-17.0.7b1000.6-10550314)
# Java VM: OpenJDK 64-Bit Server VM (17.0.7+0-17.0.7b1000.6-10550314, mixed mode, tiered, compressed oops, compressed class ptrs, g1 gc, bsd-amd64)
GC Precious Log:
 CPUs: 16 total, 16 available
 Memory: 16384M
 Large Page Support: Disabled
 NUMA Support: Disabled
 Compressed Oops: Enabled (Zero based)
 Heap Region Size: 1M
 Heap Min Capacity: 8M
 Heap Initial Capacity: 256M
 Heap Max Capacity: 2G
 Pre-touch: Disabled
 Parallel Workers: 13
 Concurrent Workers: 3
 Concurrent Refinement Workers: 13
 Periodic GC: Disabled
Heap:
 garbage-first heap   total 135168K, used 72006K [0x0000000780000000, 0x0000000800000000)
  region size 1024K, 7 young (7168K), 2 survivors (2048K)
 Metaspace       used 46629K, committed 47168K, reserved 1114112K
  class space    used 6400K, committed 6656K, reserved 1048576K
GC Heap History (20 events):
Event: 2.509 GC heap before
{Heap before GC invocations=5 (full 0):
 garbage-first heap   total 71680K, used 47146K [0x0000000780000000, 0x0000000800000000)
  region size 1024K, 23 young (23552K), 3 survivors (3072K)
 Metaspace       used 28155K, committed 28480K, reserved 1114112K
  class space    used 4051K, committed 4224K, reserved 1048576K
}
Event: 2.512 GC heap after
{Heap after GC invocations=6 (full 0):
 garbage-first heap   total 71680K, used 32630K [0x0000000780000000, 0x0000000800000000)
  region size 1024K, 4 young (4096K), 4 survivors (4096K)
 Metaspace       used 28155K, committed 28480K, reserved 1114112K
  class space    used 4051K, committed 4224K, reserved 1048576K
}
Event: 2.520 GC heap before
{Heap before GC invocations=6 (full 0):
 garbage-first heap   total 71680K, used 44918K [0x0000000780000000, 0x0000000800000000)
  region size 1024K, 5 young (5120K), 4 survivors (4096K)
 Metaspace       used 28156K, committed 28480K, reserved 1114112K
  class space    used 4051K, committed 4224K, reserved 1048576K
}
Event: 2.522 GC heap after
{Heap after GC invocations=7 (full 0):
 garbage-first heap   total 71680K, used 45108K [0x0000000780000000, 0x0000000800000000)
  region size 1024K, 1 young (1024K), 1 survivors (1024K)
 Metaspace       used 28156K, committed 28480K, reserved 1114112K
  class space    used 4051K, committed 4224K, reserved 1048576K
}
Event: 2.685 GC heap before
{Heap before GC invocations=8 (full 0):
 garbage-first heap   total 83968K, used 56372K [0x0000000780000000, 0x0000000800000000)
  region size 1024K, 11 young (11264K), 1 survivors (1024K)
 Metaspace       used 29325K, committed 29696K, reserved 1114112K
  class space    used 4223K, committed 4416K, reserved 1048576K
}
Event: 2.687 GC heap after
{Heap after GC invocations=9 (full 0):
 garbage-first heap   total 83968K, used 49869K [0x0000000780000000, 0x0000000800000000)
  region size 1024K, 2 young (2048K), 2 survivors (2048K)
 Metaspace       used 29325K, committed 29696K, reserved 1114112K
  class space    used 4223K, committed 4416K, reserved 1048576K
}
Event: 2.869 GC heap before
{Heap before GC invocations=9 (full 0):
 garbage-first heap   total 83968K, used 64205K [0x0000000780000000, 0x0000000800000000)
  region size 1024K, 16 young (16384K), 2 survivors (2048K)
 Metaspace       used 31051K, committed 31488K, reserved 1114112K
  class space    used 4518K, committed 4736K, reserved 1048576K
}
Event: 2.872 GC heap after
{Heap after GC invocations=10 (full 0):
 garbage-first heap   total 101376K, used 50047K [0x0000000780000000, 0x0000000800000000)
  region size 1024K, 1 young (1024K), 1 survivors (1024K)
 Metaspace       used 31051K, committed 31488K, reserved 1114112K
  class space    used 4518K, committed 4736K, reserved 1048576K
}
Event: 3.243 GC heap before
{Heap before GC invocations=11 (full 0):
 garbage-first heap   total 101376K, used 76671K [0x0000000780000000, 0x0000000800000000)
  region size 1024K, 27 young (27648K), 1 survivors (1024K)
 Metaspace       used 34842K, committed 35136K, reserved 1114112K
  class space    used 5109K, committed 5248K, reserved 1048576K
}
Event: 3.245 GC heap after
{Heap after GC invocations=12 (full 0):
 garbage-first heap   total 101376K, used 51133K [0x0000000780000000, 0x0000000800000000)
  region size 1024K, 2 young (2048K), 2 survivors (2048K)
 Metaspace       used 34842K, committed 35136K, reserved 1114112K
  class space    used 5109K, committed 5248K, reserved 1048576K
}
Event: 3.631 GC heap before
{Heap before GC invocations=12 (full 0):
 garbage-first heap   total 101376K, used 77757K [0x0000000780000000, 0x0000000800000000)
  region size 1024K, 29 young (29696K), 2 survivors (2048K)
 Metaspace       used 40428K, committed 40832K, reserved 1114112K
  class space    used 5707K, committed 5888K, reserved 1048576K
}
Event: 3.634 GC heap after
{Heap after GC invocations=13 (full 0):
 garbage-first heap   total 101376K, used 54915K [0x0000000780000000, 0x0000000800000000)
  region size 1024K, 4 young (4096K), 4 survivors (4096K)
 Metaspace       used 40428K, committed 40832K, reserved 1114112K
  class space    used 5707K, committed 5888K, reserved 1048576K
}
Event: 3.750 GC heap before
{Heap before GC invocations=14 (full 0):
 garbage-first heap   total 101376K, used 72323K [0x0000000780000000, 0x0000000800000000)
  region size 1024K, 23 young (23552K), 4 survivors (4096K)
 Metaspace       used 40863K, committed 41280K, reserved 1114112K
  class space    used 5754K, committed 5952K, reserved 1048576K
}
Event: 3.753 GC heap after
{Heap after GC invocations=15 (full 0):
 garbage-first heap   total 101376K, used 57271K [0x0000000780000000, 0x0000000800000000)
  region size 1024K, 3 young (3072K), 3 survivors (3072K)
 Metaspace       used 40863K, committed 41280K, reserved 1114112K
  class space    used 5754K, committed 5952K, reserved 1048576K
}
Event: 4.099 GC heap before
{Heap before GC invocations=16 (full 0):
 garbage-first heap   total 109568K, used 84919K [0x0000000780000000, 0x0000000800000000)
  region size 1024K, 25 young (25600K), 3 survivors (3072K)
 Metaspace       used 44026K, committed 44416K, reserved 1114112K
  class space    used 6138K, committed 6336K, reserved 1048576K
}
Event: 4.101 GC heap after
{Heap after GC invocations=17 (full 0):
 garbage-first heap   total 109568K, used 58411K [0x0000000780000000, 0x0000000800000000)
  region size 1024K, 2 young (2048K), 2 survivors (2048K)
 Metaspace       used 44026K, committed 44416K, reserved 1114112K
  class space    used 6138K, committed 6336K, reserved 1048576K
}
Event: 4.366 GC heap before
{Heap before GC invocations=17 (full 0):
 garbage-first heap   total 109568K, used 76843K [0x0000000780000000, 0x0000000800000000)
  region size 1024K, 21 young (21504K), 2 survivors (2048K)
 Metaspace       used 45299K, committed 45824K, reserved 1114112K
  class space    used 6340K, committed 6592K, reserved 1048576K
}
Event: 4.369 GC heap after
{Heap after GC invocations=18 (full 0):
 garbage-first heap   total 109568K, used 60927K [0x0000000780000000, 0x0000000800000000)
  region size 1024K, 4 young (4096K), 4 survivors (4096K)
 Metaspace       used 45299K, committed 45824K, reserved 1114112K
  class space    used 6340K, committed 6592K, reserved 1048576K
}
Event: 4.418 GC heap before
{Heap before GC invocations=19 (full 0):
 garbage-first heap   total 112640K, used 67071K [0x0000000780000000, 0x0000000800000000)
  region size 1024K, 9 young (9216K), 4 survivors (4096K)
 Metaspace       used 45617K, committed 46144K, reserved 1114112K
  class space    used 6365K, committed 6592K, reserved 1048576K
}
Event: 4.421 GC heap after
{Heap after GC invocations=20 (full 0):
 garbage-first heap   total 135168K, used 65862K [0x0000000780000000, 0x0000000800000000)
  region size 1024K, 2 young (2048K), 2 survivors (2048K)
 Metaspace       used 45617K, committed 46144K, reserved 1114112K
  class space    used 6365K, committed 6592K, reserved 1048576K
}

