# JRE version: OpenJDK Runtime Environment (17.0.7) (build 17.0.7+0-17.0.7b1000.6-10550314)
# Java VM: OpenJDK 64-Bit Server VM (17.0.7+0-17.0.7b1000.6-10550314, mixed mode, tiered, compressed oops, compressed class ptrs, g1 gc, bsd-amd64)
GC Precious Log:
 CPUs: 16 total, 16 available
 Memory: 16384M
 Large Page Support: Disabled
 NUMA Support: Disabled
 Compressed Oops: Enabled (Zero based)
 Heap Region Size: 1M
 Heap Min Capacity: 8M
 Heap Initial Capacity: 256M
 Heap Max Capacity: 2G
 Pre-touch: Disabled
 Parallel Workers: 13
 Concurrent Workers: 3
 Concurrent Refinement Workers: 13
 Periodic GC: Disabled
Heap:
 garbage-first heap   total 335872K, used 204116K [0x0000000780000000, 0x0000000800000000)
  region size 1024K, 87 young (89088K), 15 survivors (15360K)
 Metaspace       used 103896K, committed 104768K, reserved 1179648K
  class space    used 14867K, committed 15296K, reserved 1048576K
GC Heap History (20 events):
Event: 11.384 GC heap after
{Heap after GC invocations=35 (full 0):
 garbage-first heap   total 176128K, used 101685K [0x0000000780000000, 0x0000000800000000)
  region size 1024K, 1 young (1024K), 1 survivors (1024K)
 Metaspace       used 68868K, committed 69504K, reserved 1114112K
  class space    used 9719K, committed 9984K, reserved 1048576K
}
Event: 11.857 GC heap before
{Heap before GC invocations=35 (full 0):
 garbage-first heap   total 176128K, used 136501K [0x0000000780000000, 0x0000000800000000)
  region size 1024K, 36 young (36864K), 1 survivors (1024K)
 Metaspace       used 72151K, committed 72960K, reserved 1114112K
  class space    used 10216K, committed 10624K, reserved 1048576K
}
Event: 11.860 GC heap after
{Heap after GC invocations=36 (full 0):
 garbage-first heap   total 176128K, used 103852K [0x0000000780000000, 0x0000000800000000)
  region size 1024K, 3 young (3072K), 3 survivors (3072K)
 Metaspace       used 72151K, committed 72960K, reserved 1114112K
  class space    used 10216K, committed 10624K, reserved 1048576K
}
Event: 12.228 GC heap before
{Heap before GC invocations=37 (full 0):
 garbage-first heap   total 198656K, used 146860K [0x0000000780000000, 0x0000000800000000)
  region size 1024K, 39 young (39936K), 3 survivors (3072K)
 Metaspace       used 73889K, committed 74688K, reserved 1114112K
  class space    used 10463K, committed 10816K, reserved 1048576K
}
Event: 12.231 GC heap after
{Heap after GC invocations=38 (full 0):
 garbage-first heap   total 198656K, used 107147K [0x0000000780000000, 0x0000000800000000)
  region size 1024K, 5 young (5120K), 5 survivors (5120K)
 Metaspace       used 73889K, committed 74688K, reserved 1114112K
  class space    used 10463K, committed 10816K, reserved 1048576K
}
Event: 12.264 GC heap before
{Heap before GC invocations=38 (full 0):
 garbage-first heap   total 198656K, used 111243K [0x0000000780000000, 0x0000000800000000)
  region size 1024K, 9 young (9216K), 5 survivors (5120K)
 Metaspace       used 74138K, committed 74944K, reserved 1114112K
  class space    used 10497K, committed 10880K, reserved 1048576K
}
Event: 12.266 GC heap after
{Heap after GC invocations=39 (full 0):
 garbage-first heap   total 198656K, used 107219K [0x0000000780000000, 0x0000000800000000)
  region size 1024K, 1 young (1024K), 1 survivors (1024K)
 Metaspace       used 74138K, committed 74944K, reserved 1114112K
  class space    used 10497K, committed 10880K, reserved 1048576K
}
Event: 12.826 GC heap before
{Heap before GC invocations=39 (full 0):
 garbage-first heap   total 198656K, used 153299K [0x0000000780000000, 0x0000000800000000)
  region size 1024K, 46 young (47104K), 1 survivors (1024K)
 Metaspace       used 78189K, committed 78976K, reserved 1179648K
  class space    used 11073K, committed 11456K, reserved 1048576K
}
Event: 12.829 GC heap after
{Heap after GC invocations=40 (full 0):
 garbage-first heap   total 198656K, used 108933K [0x0000000780000000, 0x0000000800000000)
  region size 1024K, 3 young (3072K), 3 survivors (3072K)
 Metaspace       used 78189K, committed 78976K, reserved 1179648K
  class space    used 11073K, committed 11456K, reserved 1048576K
}
Event: 13.421 GC heap before
{Heap before GC invocations=41 (full 0):
 garbage-first heap   total 198656K, used 162181K [0x0000000780000000, 0x0000000800000000)
  region size 1024K, 51 young (52224K), 3 survivors (3072K)
 Metaspace       used 83044K, committed 83776K, reserved 1179648K
  class space    used 11738K, committed 12096K, reserved 1048576K
}
Event: 13.424 GC heap after
{Heap after GC invocations=42 (full 0):
 garbage-first heap   total 198656K, used 116239K [0x0000000780000000, 0x0000000800000000)
  region size 1024K, 6 young (6144K), 6 survivors (6144K)
 Metaspace       used 83044K, committed 83776K, reserved 1179648K
  class space    used 11738K, committed 12096K, reserved 1048576K
}
Event: 13.457 GC heap before
{Heap before GC invocations=42 (full 0):
 garbage-first heap   total 198656K, used 118287K [0x0000000780000000, 0x0000000800000000)
  region size 1024K, 9 young (9216K), 6 survivors (6144K)
 Metaspace       used 83275K, committed 84032K, reserved 1179648K
  class space    used 11766K, committed 12160K, reserved 1048576K
}
Event: 13.461 GC heap after
{Heap after GC invocations=43 (full 0):
 garbage-first heap   total 198656K, used 116605K [0x0000000780000000, 0x0000000800000000)
  region size 1024K, 1 young (1024K), 1 survivors (1024K)
 Metaspace       used 83275K, committed 84032K, reserved 1179648K
  class space    used 11766K, committed 12160K, reserved 1048576K
}
Event: 13.980 GC heap before
{Heap before GC invocations=43 (full 0):
 garbage-first heap   total 198656K, used 162685K [0x0000000780000000, 0x0000000800000000)
  region size 1024K, 46 young (47104K), 1 survivors (1024K)
 Metaspace       used 85512K, committed 86272K, reserved 1179648K
  class space    used 12069K, committed 12480K, reserved 1048576K
}
Event: 13.983 GC heap after
{Heap after GC invocations=44 (full 0):
 garbage-first heap   total 335872K, used 120954K [0x0000000780000000, 0x0000000800000000)
  region size 1024K, 6 young (6144K), 6 survivors (6144K)
 Metaspace       used 85512K, committed 86272K, reserved 1179648K
  class space    used 12069K, committed 12480K, reserved 1048576K
}
Event: 15.306 GC heap before
{Heap before GC invocations=44 (full 0):
 garbage-first heap   total 335872K, used 224378K [0x0000000780000000, 0x0000000800000000)
  region size 1024K, 107 young (109568K), 6 survivors (6144K)
 Metaspace       used 92027K, committed 92864K, reserved 1179648K
  class space    used 13168K, committed 13568K, reserved 1048576K
}
Event: 15.312 GC heap after
{Heap after GC invocations=45 (full 0):
 garbage-first heap   total 335872K, used 124448K [0x0000000780000000, 0x0000000800000000)
  region size 1024K, 9 young (9216K), 9 survivors (9216K)
 Metaspace       used 92027K, committed 92864K, reserved 1179648K
  class space    used 13168K, committed 13568K, reserved 1048576K
}
Event: 17.648 GC heap before
{Heap before GC invocations=45 (full 0):
 garbage-first heap   total 335872K, used 247328K [0x0000000780000000, 0x0000000800000000)
  region size 1024K, 129 young (132096K), 9 survivors (9216K)
 Metaspace       used 98594K, committed 99456K, reserved 1179648K
  class space    used 14118K, committed 14528K, reserved 1048576K
}
Event: 17.661 GC heap after
{Heap after GC invocations=46 (full 0):
 garbage-first heap   total 335872K, used 130898K [0x0000000780000000, 0x0000000800000000)
  region size 1024K, 15 young (15360K), 15 survivors (15360K)
 Metaspace       used 98594K, committed 99456K, reserved 1179648K
  class space    used 14118K, committed 14528K, reserved 1048576K
}
Event: 18.649 GC heap before
{Heap before GC invocations=46 (full 0):
 garbage-first heap   total 335872K, used 203602K [0x0000000780000000, 0x0000000800000000)
  region size 1024K, 87 young (89088K), 15 survivors (15360K)
 Metaspace       used 103896K, committed 104768K, reserved 1179648K
  class space    used 14867K, committed 15296K, reserved 1048576K
}

